[2026-05-02T02:04:29Z] Logging in to http://localhost:8929 ...
[2026-05-02T02:04:29Z] Using search_space_id=1
[2026-05-02T02:04:29Z] Mentioning document IDs: [5]
[2026-05-02T02:04:29Z] (1/100) G1-001 ...
  eval: strict=N lenient=Y num=Y unit=Y clean=Y intent=Y num_f1=1.000 pred='$5.0 billion'
  expected: $5.0 billion USD
  predicted_exact: $5.0 billion
[2026-05-02T02:04:43Z] (2/100) G1-002 ...
  eval: strict=N lenient=Y num=Y unit=Y clean=Y intent=Y num_f1=1.000 pred='$14.4 billion'
  expected: $14.4 billion USD
  predicted_exact: $14.4 billion
[2026-05-02T02:04:55Z] (3/100) G1-003 ...
  eval: strict=N lenient=Y num=Y unit=Y clean=Y intent=Y num_f1=1.000 pred='$3.9 billion'
  expected: $3.9 billion USD
  predicted_exact: $3.9 billion
[2026-05-02T02:05:13Z] (4/100) G1-004 ...
  eval: strict=N lenient=N num=N unit=N clean=Y intent=Y num_f1=0.000 pred='$4,061 million'
  expected: $4.1 billion USD
  predicted_exact: $4,061 million
[2026-05-02T02:05:32Z] (5/100) G1-005 ...
  eval: strict=N lenient=Y num=Y unit=Y clean=Y intent=Y num_f1=1.000 pred='$2.9 billion'
  expected: $2.9 billion USD
  predicted_exact: $2.9 billion
[2026-05-02T02:05:53Z] (6/100) G1-006 ...
  eval: strict=N lenient=Y num=Y unit=Y clean=Y intent=Y num_f1=1.000 pred='$1.8 billion'
  expected: $1.8 billion USD
  predicted_exact: $1.8 billion
[2026-05-02T02:06:05Z] (7/100) G1-007 ...
  eval: strict=N lenient=N num=Y unit=Y clean=Y intent=Y num_f1=0.000 pred='$1.0 billion'
  expected: AAA
  predicted_exact: $1.0 billion
[2026-05-02T02:06:23Z] (8/100) G1-008 ...
  eval: strict=N lenient=Y num=Y unit=Y clean=Y intent=Y num_f1=0.400 pred='Gross derivative assets: **$376 million**, Gross derivative liabilities: **$802 million** [citation:9188]'
  expected: $376 million USD
  predicted_exact: Gross derivative assets: **$376 million**, Gross derivative liabilities: **$802 million** [citation:9188]
[2026-05-02T02:06:40Z] (9/100) G1-009 ...
  eval: strict=N lenient=Y num=Y unit=Y clean=Y intent=Y num_f1=1.000 pred='$7.1 billion'
  expected: $7.1 billion USD
  predicted_exact: $7.1 billion
[2026-05-02T02:06:58Z] (10/100) G1-010 ...
  eval: strict=N lenient=Y num=Y unit=Y clean=Y intent=Y num_f1=1.000 pred='$1.5 billion'
  expected: $1.5 billion USD
  predicted_exact: $1.5 billion
[2026-05-02T02:07:13Z] (11/100) G1-011 ...
  eval: strict=Y lenient=Y num=Y unit=Y clean=Y intent=Y num_f1=1.000 pred='19%'
  expected: 19%
  predicted_exact: 19%
[2026-05-02T02:07:23Z] (12/100) G1-012 ...
  eval: strict=N lenient=Y num=Y unit=Y clean=Y intent=Y num_f1=1.000 pred='$28.0 billion'
  expected: $28.0 billion USD
  predicted_exact: $28.0 billion
[2026-05-02T02:07:34Z] (13/100) G1-013 ...
  eval: strict=N lenient=Y num=Y unit=Y clean=Y intent=Y num_f1=1.000 pred='$28.9 billion'
  expected: $28.9 billion USD
  predicted_exact: $28.9 billion
[2026-05-02T02:07:50Z] (14/100) G1-014 ...
  eval: strict=N lenient=Y num=Y unit=Y clean=Y intent=Y num_f1=1.000 pred='**$398 billion**'
  expected: $398 billion USD
  predicted_exact: **$398 billion**
[2026-05-02T02:08:02Z] (15/100) G1-015 ...
  eval: strict=Y lenient=Y num=Y unit=Y clean=Y intent=Y num_f1=1.000 pred='40%'
  expected: 40%
  predicted_exact: 40%
[2026-05-02T02:08:16Z] (16/100) G1-016 ...
  eval: strict=N lenient=Y num=Y unit=Y clean=Y intent=Y num_f1=1.000 pred='$530 million'
  expected: $530 million USD
  predicted_exact: $530 million
[2026-05-02T02:08:32Z] (17/100) G1-017 ...
  eval: strict=N lenient=Y num=Y unit=Y clean=Y intent=Y num_f1=1.000 pred='$1.7 billion'
  expected: $1.7 billion USD
  predicted_exact: $1.7 billion
[2026-05-02T02:08:55Z] (18/100) G1-018 ...
  eval: strict=Y lenient=Y num=Y unit=Y clean=Y intent=Y num_f1=1.000 pred='10%'
  expected: 10%
  predicted_exact: 10%
[2026-05-02T02:09:17Z] (19/100) G1-019 ...
  eval: strict=N lenient=Y num=Y unit=Y clean=Y intent=Y num_f1=1.000 pred='$49.1 billion'
  expected: $49.1 billion USD
  predicted_exact: $49.1 billion
[2026-05-02T02:09:32Z] (20/100) G1-020 ...
  eval: strict=N lenient=Y num=Y unit=Y clean=Y intent=Y num_f1=1.000 pred='$250 billion'
  expected: $250 billion USD
  predicted_exact: $250 billion
[2026-05-02T02:09:48Z] (21/100) G1-021 ...
  eval: strict=Y lenient=Y num=Y unit=Y clean=Y intent=Y num_f1=1.000 pred='26%'
  expected: 26%
  predicted_exact: 26%
[2026-05-02T02:10:06Z] (22/100) G1-022 ...
  eval: strict=Y lenient=Y num=Y unit=Y clean=Y intent=Y num_f1=1.000 pred='The answer is **51%**.'
  expected: 51%
  predicted_exact: The answer is **51%**.
[2026-05-02T02:10:20Z] (23/100) G1-023 ...
  eval: strict=Y lenient=Y num=Y unit=Y clean=Y intent=Y num_f1=1.000 pred='17%'
  expected: 17%
  predicted_exact: 17%
[2026-05-02T02:10:43Z] (24/100) G1-024 ...
  eval: strict=Y lenient=Y num=Y unit=Y clean=Y intent=Y num_f1=1.000 pred='26%'
  expected: 26%
  predicted_exact: 26%
[2026-05-02T02:11:00Z] (25/100) G1-025 ...
  eval: strict=Y lenient=Y num=Y unit=Y clean=Y intent=Y num_f1=1.000 pred='18%'
  expected: 18%
  predicted_exact: 18%
[2026-05-02T02:11:17Z] (26/100) G1-026 ...
  eval: strict=Y lenient=Y num=Y unit=Y clean=Y intent=Y num_f1=1.000 pred='40%'
  expected: 40%
  predicted_exact: 40%
[2026-05-02T02:11:36Z] (27/100) G1-027 ...
  eval: strict=Y lenient=Y num=Y unit=Y clean=Y intent=Y num_f1=1.000 pred='6%'
  expected: 6%
  predicted_exact: 6%
[2026-05-02T02:11:57Z] (28/100) G1-028 ...
  eval: strict=Y lenient=Y num=Y unit=Y clean=Y intent=Y num_f1=1.000 pred='1%'
  expected: 1%
  predicted_exact: 1%
[2026-05-02T02:12:15Z] (29/100) G1-029 ...
  eval: strict=Y lenient=Y num=Y unit=Y clean=Y intent=Y num_f1=1.000 pred='16%'
  expected: 16%
  predicted_exact: 16%
[2026-05-02T02:12:42Z] (30/100) G1-030 ...
  eval: strict=N lenient=Y num=Y unit=Y clean=Y intent=Y num_f1=1.000 pred='$12.1 billion'
  expected: $12.1 billion USD
  predicted_exact: $12.1 billion
[2026-05-02T02:13:03Z] (31/100) G2-001 ...
  eval: strict=N lenient=N num=N unit=N clean=N intent=Y num_f1=0.000 pred=''
  expected: 7,432,377,655 shares
  predicted_exact: 
[2026-05-02T02:15:28Z] (32/100) G2-002 ...
  eval: strict=N lenient=N num=Y unit=Y clean=Y intent=Y num_f1=0.000 pred='$15,922 million'
  expected: 15,922 USD
  predicted_exact: $15,922 million
[2026-05-02T02:15:48Z] (33/100) G2-003 ...
  eval: strict=N lenient=Y num=Y unit=Y clean=Y intent=Y num_f1=1.000 pred='$61,751 million'
  expected: 61,751 USD million
  predicted_exact: $61,751 million
[2026-05-02T02:16:06Z] (34/100) G2-004 ...
  eval: strict=N lenient=Y num=Y unit=Y clean=Y intent=Y num_f1=1.000 pred='$77,673 million'
  expected: 77,673 USD million
  predicted_exact: $77,673 million
[2026-05-02T02:16:26Z] (35/100) G2-005 ...
  eval: strict=N lenient=Y num=Y unit=Y clean=Y intent=Y num_f1=0.250 pred='I found the relevant data. The Cost of Revenue — Product line shows **$2,922 million** for the three months ended September 30, 2025 [cit...'
  expected: 2,922 USD million
  predicted_exact: I found the relevant data. The Cost of Revenue — Product line shows **$2,922 million** for the three months ended September 30, 2025 [citation:9052]. Let me also verify against any segment-level data.$2,922 million
[2026-05-02T02:16:47Z] (36/100) G2-006 ...
  eval: strict=N lenient=Y num=Y unit=Y clean=Y intent=Y num_f1=1.000 pred='$21,121 million'
  expected: 21,121 USD million
  predicted_exact: $21,121 million
[2026-05-02T02:17:00Z] (37/100) G2-007 ...
  eval: strict=N lenient=Y num=Y unit=Y clean=Y intent=Y num_f1=1.000 pred='$24,043 million'
  expected: 24,043 USD million
  predicted_exact: $24,043 million
[2026-05-02T02:17:17Z] (38/100) G2-008 ...
  eval: strict=N lenient=Y num=Y unit=Y clean=Y intent=Y num_f1=1.000 pred='$53,630 million'
  expected: 53,630 USD million
  predicted_exact: $53,630 million
[2026-05-02T02:17:38Z] (39/100) G2-009 ...
  eval: strict=N lenient=Y num=Y unit=Y clean=Y intent=Y num_f1=1.000 pred='$8,146 million'
  expected: 8,146 USD million
  predicted_exact: $8,146 million
[2026-05-02T02:17:58Z] (40/100) G2-010 ...
  eval: strict=N lenient=Y num=Y unit=Y clean=Y intent=Y num_f1=1.000 pred='$5,717 million'
  expected: 5,717 USD million
  predicted_exact: $5,717 million
[2026-05-02T02:18:21Z] (41/100) G2-011 ...
  eval: strict=N lenient=Y num=Y unit=Y clean=Y intent=Y num_f1=1.000 pred='$3.73'
  expected: 3.73 USD
  predicted_exact: $3.73
[2026-05-02T02:18:51Z] (42/100) G2-012 ...
  eval: strict=N lenient=Y num=Y unit=Y clean=Y intent=Y num_f1=1.000 pred='$3.72'
  expected: 3.72 USD
  predicted_exact: $3.72
[2026-05-02T02:19:06Z] (43/100) G2-013 ...
  eval: strict=N lenient=Y num=Y unit=Y clean=Y intent=Y num_f1=1.000 pred='$687 million'
  expected: 687 USD million
  predicted_exact: $687 million
[2026-05-02T02:19:36Z] (44/100) G2-014 ...
  eval: strict=N lenient=Y num=Y unit=Y clean=Y intent=Y num_f1=1.000 pred='$28,849 million'
  expected: 28,849 USD million
  predicted_exact: $28,849 million
[2026-05-02T02:19:52Z] (45/100) G2-015 ...
  eval: strict=N lenient=Y num=Y unit=Y clean=Y intent=Y num_f1=1.000 pred='Let me check the column headers to confirm the date alignment.$189,066 million'
  expected: 189,066 USD million
  predicted_exact: Let me check the column headers to confirm the date alignment.$189,066 million
[2026-05-02T02:20:25Z] (46/100) G2-016 ...
  eval: strict=N lenient=Y num=Y unit=Y clean=Y intent=Y num_f1=1.000 pred='$32,580 million'
  expected: 32,580 USD million
  predicted_exact: $32,580 million
[2026-05-02T02:20:41Z] (47/100) G2-017 ...
  eval: strict=N lenient=Y num=Y unit=Y clean=Y intent=Y num_f1=1.000 pred='$37,304 million'
  expected: 37,304 USD million
  predicted_exact: $37,304 million
[2026-05-02T02:21:00Z] (48/100) G2-018 ...
  eval: strict=N lenient=Y num=Y unit=Y clean=Y intent=Y num_f1=1.000 pred='$33,053 million'
  expected: 33,053 USD million
  predicted_exact: $33,053 million
[2026-05-02T02:21:18Z] (49/100) G2-019 ...
  eval: strict=N lenient=Y num=Y unit=Y clean=Y intent=Y num_f1=1.000 pred='$1,579 million'
  expected: 1,579 USD million
  predicted_exact: $1,579 million
[2026-05-02T02:21:49Z] (50/100) G2-020 ...
  eval: strict=N lenient=Y num=Y unit=Y clean=Y intent=Y num_f1=1.000 pred='$152,433 million'
  expected: 152,433 USD million
  predicted_exact: $152,433 million
[2026-05-02T02:22:02Z] (51/100) G2-021 ...
  eval: strict=N lenient=Y num=Y unit=Y clean=Y intent=Y num_f1=1.000 pred='$230,861 million'
  expected: 230,861 USD million
  predicted_exact: $230,861 million
[2026-05-02T02:22:16Z] (52/100) G2-022 ...
  eval: strict=N lenient=Y num=Y unit=Y clean=Y intent=Y num_f1=1.000 pred='$12,401 million'
  expected: 12,401 USD million
  predicted_exact: $12,401 million
[2026-05-02T02:22:30Z] (53/100) G2-023 ...
  eval: strict=N lenient=Y num=Y unit=Y clean=Y intent=Y num_f1=1.000 pred='$2,932 million'
  expected: 2,932 USD million
  predicted_exact: $2,932 million
[2026-05-02T02:22:45Z] (54/100) G2-024 ...
  eval: strict=N lenient=Y num=Y unit=Y clean=Y intent=Y num_f1=1.000 pred='$9,250 million'
  expected: 9,250 USD million
  predicted_exact: $9,250 million
[2026-05-02T02:23:06Z] (55/100) G2-025 ...
  eval: strict=N lenient=Y num=Y unit=Y clean=Y intent=Y num_f1=1.000 pred='$46,357 million'
  expected: 46,357 USD million
  predicted_exact: $46,357 million
[2026-05-02T02:23:21Z] (56/100) G2-026 ...
  eval: strict=N lenient=Y num=Y unit=Y clean=Y intent=Y num_f1=1.000 pred='$12,659 million'
  expected: 12,659 USD million
  predicted_exact: $12,659 million
[2026-05-02T02:23:36Z] (57/100) G2-027 ...
  eval: strict=N lenient=Y num=Y unit=Y clean=Y intent=Y num_f1=1.000 pred='$50,029 million'
  expected: 50,029 USD million
  predicted_exact: $50,029 million
[2026-05-02T02:23:55Z] (58/100) G2-028 ...
  eval: strict=N lenient=Y num=Y unit=Y clean=Y intent=Y num_f1=1.000 pred='$1,656 million'
  expected: 1,656 USD million
  predicted_exact: $1,656 million
[2026-05-02T02:24:13Z] (59/100) G2-029 ...
  eval: strict=N lenient=Y num=Y unit=Y clean=Y intent=Y num_f1=1.000 pred='$1,719 million'
  expected: 1,719 USD million
  predicted_exact: $1,719 million
[2026-05-02T02:24:29Z] (60/100) G2-030 ...
  eval: strict=N lenient=Y num=Y unit=Y clean=Y intent=Y num_f1=1.000 pred='$24,791 million'
  expected: 24,791 USD million
  predicted_exact: $24,791 million
[2026-05-02T02:24:44Z] (61/100) G2-031 ...
  eval: strict=N lenient=Y num=Y unit=Y clean=Y intent=Y num_f1=1.000 pred='$54,434 million'
  expected: 54,434 USD million
  predicted_exact: $54,434 million
[2026-05-02T02:25:01Z] (62/100) G2-032 ...
  eval: strict=N lenient=Y num=Y unit=Y clean=Y intent=Y num_f1=1.000 pred='$5,862 million'
  expected: 5,862 USD million
  predicted_exact: $5,862 million
[2026-05-02T02:25:16Z] (63/100) G2-033 ...
  eval: strict=N lenient=N num=N unit=N clean=Y intent=Y num_f1=1.000 pred='$3.955 billion'
  expected: 3,955 USD million
  predicted_exact: $3.955 billion
[2026-05-02T02:25:54Z] (64/100) G2-034 ...
  eval: strict=N lenient=Y num=Y unit=Y clean=Y intent=Y num_f1=1.000 pred='$6,765 million'
  expected: 6,765 USD million
  predicted_exact: $6,765 million
[2026-05-02T02:26:23Z] (65/100) G2-035 ...
  eval: strict=N lenient=Y num=Y unit=Y clean=Y intent=Y num_f1=1.000 pred='**$30,897 million**'
  expected: 30,897 USD million
  predicted_exact: **$30,897 million**
[2026-05-02T02:26:44Z] (66/100) G2-036 ...
  eval: strict=N lenient=Y num=Y unit=Y clean=Y intent=Y num_f1=1.000 pred='$4,163 million'
  expected: 4,163 USD million
  predicted_exact: $4,163 million
[2026-05-02T02:27:06Z] (67/100) G2-037 ...
  eval: strict=N lenient=Y num=Y unit=Y clean=Y intent=Y num_f1=1.000 pred='$5,721 million'
  expected: 5,721 USD million
  predicted_exact: $5,721 million
[2026-05-02T02:27:28Z] (68/100) G2-038 ...
  eval: strict=N lenient=Y num=Y unit=Y clean=Y intent=Y num_f1=1.000 pred='$37,596 million'
  expected: 37,596 USD million
  predicted_exact: $37,596 million
[2026-05-02T02:27:44Z] (69/100) G2-039 ...
  eval: strict=N lenient=Y num=Y unit=Y clean=Y intent=Y num_f1=1.000 pred='$5,508 million'
  expected: 5,508 USD million
  predicted_exact: $5,508 million
[2026-05-02T02:28:01Z] (70/100) G2-040 ...
  eval: strict=N lenient=Y num=Y unit=Y clean=Y intent=Y num_f1=1.000 pred='$3,697 million'
  expected: 3,697 USD million
  predicted_exact: $3,697 million
[2026-05-02T02:28:19Z] (71/100) G3-001 ...
  eval: strict=N lenient=Y num=Y unit=Y clean=Y intent=Y num_f1=1.000 pred='+$12,088 million'
  expected: 12,088 USD million
  predicted_exact: +$12,088 million
[2026-05-02T02:28:33Z] (72/100) G3-002 ...
  eval: strict=N lenient=Y num=Y unit=Y clean=Y intent=Y num_f1=1.000 pred='+$11,438 million'
  expected: 11,438 USD million
  predicted_exact: +$11,438 million
[2026-05-02T02:28:53Z] (73/100) G3-003 ...
  eval: strict=N lenient=Y num=Y unit=Y clean=Y intent=Y num_f1=1.000 pred='+$8,144 million'
  expected: 8,144 USD million
  predicted_exact: +$8,144 million
[2026-05-02T02:29:18Z] (74/100) G3-004 ...
  eval: strict=N lenient=Y num=Y unit=Y clean=Y intent=Y num_f1=1.000 pred='+$7,409 million'
  expected: 7,409 USD million
  predicted_exact: +$7,409 million
[2026-05-02T02:29:58Z] (75/100) G3-005 ...
  eval: strict=N lenient=Y num=Y unit=Y clean=Y intent=Y num_f1=0.154 pred='Net income for the three months ended September 30, 2025 was $27,747 million, compared to $24,667 million for the same period in 2024 [ci...'
  expected: 3,080 USD million
  predicted_exact: Net income for the three months ended September 30, 2025 was $27,747 million, compared to $24,667 million for the same period in 2024 [citation:9055][citation:9050]. The change is **+$3,080 million**.
[2026-05-02T02:30:30Z] (76/100) G3-006 ...
  eval: strict=N lenient=Y num=Y unit=Y clean=Y intent=Y num_f1=1.000 pred='+$0.41'
  expected: 0.41 USD
  predicted_exact: +$0.41
[2026-05-02T02:30:58Z] (77/100) G3-007 ...
  eval: strict=N lenient=N num=N unit=N clean=Y intent=Y num_f1=1.000 pred='+$6.8 billion'
  expected: 6,805 USD million
  predicted_exact: +$6.8 billion
[2026-05-02T02:31:23Z] (78/100) G3-008 ...
  eval: strict=N lenient=Y num=Y unit=Y clean=Y intent=Y num_f1=1.000 pred='+$2,888 million'
  expected: 2,888 USD million
  predicted_exact: +$2,888 million
[2026-05-02T02:31:41Z] (79/100) G3-009 ...
  eval: strict=N lenient=Y num=Y unit=Y clean=Y intent=Y num_f1=1.000 pred='+$3,700 million'
  expected: 3,700 USD million
  predicted_exact: +$3,700 million
[2026-05-02T02:32:02Z] (80/100) G3-010 ...
  eval: strict=N lenient=N num=N unit=N clean=Y intent=Y num_f1=0.000 pred='+$4.7B'
  expected: 4,703 USD million
  predicted_exact: +$4.7B
[2026-05-02T02:32:30Z] (81/100) G3-011 ...
  eval: strict=N lenient=Y num=Y unit=Y clean=Y intent=Y num_f1=1.000 pred='+$3,891 million'
  expected: 3,891 USD million
  predicted_exact: +$3,891 million
[2026-05-02T02:32:45Z] (82/100) G3-012 ...
  eval: strict=N lenient=N num=N unit=N clean=Y intent=Y num_f1=0.000 pred='$6.7 billion'
  expected: 6,717 USD million
  predicted_exact: $6.7 billion
[2026-05-02T02:33:06Z] (83/100) G3-013 ...
  eval: strict=N lenient=Y num=Y unit=Y clean=Y intent=Y num_f1=1.000 pred='+$3,517 million'
  expected: 3,517 USD million
  predicted_exact: +$3,517 million
[2026-05-02T02:33:29Z] (84/100) G3-014 ...
  eval: strict=N lenient=N num=N unit=Y clean=Y intent=Y num_f1=0.000 pred='I also see the narrative confirms this. Let me check for completeness. The table shows Gaming revenue of **$5,508 million** for the three...'
  expected: -113 USD million
  predicted_exact: I also see the narrative confirms this. Let me check for completeness.

The table shows Gaming revenue of **$5,508 million** for the three months ended September 30, 2025, and **$5,621 million** for the three months ended September 30, 2024 [citation:9281]. The change is:

**-$113 million**
[2026-05-02T02:33:44Z] (85/100) G3-015 ...
  eval: strict=N lenient=Y num=Y unit=Y clean=Y intent=Y num_f1=1.000 pred='+$6,164 million'
  expected: 6,164 USD million
  predicted_exact: +$6,164 million
[2026-05-02T02:33:59Z] (86/100) G3-016 ...
  eval: strict=N lenient=Y num=Y unit=Y clean=Y intent=Y num_f1=1.000 pred='+$8,840 million'
  expected: 8,840 USD million
  predicted_exact: +$8,840 million
[2026-05-02T02:34:12Z] (87/100) G3-017 ...
  eval: strict=N lenient=N num=N unit=Y clean=Y intent=Y num_f1=0.000 pred='−$17,011 million'
  expected: -17,011 USD million
  predicted_exact: −$17,011 million
[2026-05-02T02:34:27Z] (88/100) G3-018 ...
  eval: strict=N lenient=Y num=Y unit=Y clean=Y intent=Y num_f1=1.000 pred='+$17,348 million'
  expected: 17,348 USD million
  predicted_exact: +$17,348 million
[2026-05-02T02:35:01Z] (89/100) G3-019 ...
  eval: strict=N lenient=Y num=Y unit=Y clean=Y intent=Y num_f1=1.000 pred='+$17,142 million'
  expected: 17,142 USD million
  predicted_exact: +$17,142 million
[2026-05-02T02:35:33Z] (90/100) G3-020 ...
  eval: strict=N lenient=Y num=Y unit=Y clean=Y intent=Y num_f1=1.000 pred='+$4,856 million'
  expected: 4,856 USD million
  predicted_exact: +$4,856 million
[2026-05-02T02:35:52Z] (91/100) G3-021 ...
  eval: strict=N lenient=N num=Y unit=N clean=Y intent=Y num_f1=0.000 pred='+$25,895M'
  expected: 25,895 USD million
  predicted_exact: +$25,895M
[2026-05-02T02:36:34Z] (92/100) G3-022 ...
  eval: strict=N lenient=N num=N unit=Y clean=Y intent=Y num_f1=0.000 pred='−$5,732 million'
  expected: -5,732 USD million
  predicted_exact: −$5,732 million
[2026-05-02T02:37:14Z] (93/100) G3-023 ...
  eval: strict=N lenient=N num=N unit=Y clean=Y intent=Y num_f1=0.000 pred='The Productivity and Business Processes segment unearned revenue was $50,567 million as of June 30, 2025 and $46,357 million as of Septem...'
  expected: -4,210 USD million
  predicted_exact: The Productivity and Business Processes segment unearned revenue was $50,567 million as of June 30, 2025 and $46,357 million as of September 30, 2025 [citation:9233].

-$4,210 million
[2026-05-02T02:37:30Z] (94/100) G3-024 ...
  eval: strict=N lenient=N num=Y unit=N clean=Y intent=Y num_f1=0.000 pred='+$748M'
  expected: 748 USD million
  predicted_exact: +$748M
[2026-05-02T02:37:43Z] (95/100) G3-025 ...
  eval: strict=N lenient=Y num=Y unit=Y clean=Y intent=Y num_f1=1.000 pred='+$495 million'
  expected: 495 USD million
  predicted_exact: +$495 million
[2026-05-02T02:38:01Z] (96/100) G3-026 ...
  eval: strict=N lenient=Y num=Y unit=Y clean=Y intent=Y num_f1=1.000 pred='+$8,262 million'
  expected: 8,262 USD million
  predicted_exact: +$8,262 million
[2026-05-02T02:38:14Z] (97/100) G3-027 ...
  eval: strict=N lenient=N num=N unit=Y clean=Y intent=Y num_f1=0.000 pred='The total common stock repurchased was $5,650 million in FY26Q1 and $4,107 million in FY25Q1 [citation:9077]. +$1,543 million'
  expected: 1,155 USD million
  predicted_exact: The total common stock repurchased was $5,650 million in FY26Q1 and $4,107 million in FY25Q1 [citation:9077].

+$1,543 million
[2026-05-02T02:38:45Z] (98/100) G3-028 ...
  eval: strict=N lenient=N num=Y unit=N clean=Y intent=Y num_f1=0.000 pred='+$595M'
  expected: 595 USD million
  predicted_exact: +$595M
[2026-05-02T02:39:05Z] (99/100) G3-029 ...
  eval: strict=N lenient=N num=N unit=Y clean=Y intent=Y num_f1=0.000 pred='-$10,254 million'
  expected: -10,254 USD million
  predicted_exact: -$10,254 million
[2026-05-02T02:39:32Z] (100/100) G3-030 ...
  eval: strict=N lenient=N num=N unit=Y clean=Y intent=Y num_f1=0.000 pred='-$12 million'
  expected: -12 USD million
  predicted_exact: -$12 million

Benchmark complete
  overall_correct: 82 / 100 (82.00%)
  normalized_exact: 11 / 100 (11.00%)
  number_match: 87 / 100 (87.00%)
  unit_match: 91 / 100 (91.00%)
  mean_token_f1: 0.4454
  request_failures: 1
  context_overflow_failures: 0
  output_json: benchmark_results_MSFT_FY26Q1_qa/deepseekflash_surfsense_full100_postfix.json
  output_md: benchmark_results_MSFT_FY26Q1_qa/deepseekflash_surfsense_full100_postfix.md
